# JRE version: Java(TM) SE Runtime Environment (8.0_144-b01) (build 1.8.0_144-b01)
# Java VM: Java HotSpot(TM) Client VM (25.144-b01 mixed mode windows-x86 )
Heap:
 def new generation   total 8832K, used 3345K [0x06c00000, 0x07590000, 0x0c150000)
  eden space 7872K,  42% used [0x06c00000, 0x06f44410, 0x073b0000)
  from space 960K,   0% used [0x073b0000, 0x073b0000, 0x074a0000)
  to   space 960K,   0% used [0x074a0000, 0x074a0000, 0x07590000)
 tenured generation   total 19520K, used 11710K [0x0c150000, 0x0d460000, 0x16c00000)
   the space 19520K,  59% used [0x0c150000, 0x0ccbfa00, 0x0ccbfa00, 0x0d460000)
 Metaspace       used 8142K, capacity 8334K, committed 8448K, reserved 8576K
GC Heap History (10 events):
Event: 0.401 GC heap before
{Heap before GC invocations=1 (full 0):
 def new generation   total 4928K, used 4463K [0x06c00000, 0x07150000, 0x0c150000)
  eden space 4416K,  89% used [0x06c00000, 0x06fdbe28, 0x07050000)
  from space 512K, 100% used [0x070d0000, 0x07150000, 0x07150000)
  to   space 512K,   0% used [0x07050000, 0x07050000, 0x070d0000)
 tenured generation   total 10944K, used 914K [0x0c150000, 0x0cc00000, 0x16c00000)
   the space 10944K,   8% used [0x0c150000, 0x0c2348e8, 0x0c234a00, 0x0cc00000)
 Metaspace       used 7199K, capacity 7369K, committed 7424K, reserved 7552K
Event: 0.409 GC heap after
Heap after GC invocations=2 (full 0):
 def new generation   total 4928K, used 407K [0x06c00000, 0x07150000, 0x0c150000)
  eden space 4416K,   0% used [0x06c00000, 0x06c00000, 0x07050000)
  from space 512K,  79% used [0x07050000, 0x070b5eb8, 0x070d0000)
  to   space 512K,   0% used [0x070d0000, 0x070d0000, 0x07150000)
 tenured generation   total 10944K, used 3924K [0x0c150000, 0x0cc00000, 0x16c00000)
   the space 10944K,  35% used [0x0c150000, 0x0c5250e0, 0x0c525200, 0x0cc00000)
 Metaspace       used 7199K, capacity 7369K, committed 7424K, reserved 7552K
}
Event: 0.458 GC heap before
{Heap before GC invocations=2 (full 0):
 def new generation   total 4928K, used 4823K [0x06c00000, 0x07150000, 0x0c150000)
  eden space 4416K, 100% used [0x06c00000, 0x07050000, 0x07050000)
  from space 512K,  79% used [0x07050000, 0x070b5eb8, 0x070d0000)
  to   space 512K,   0% used [0x070d0000, 0x070d0000, 0x07150000)
 tenured generation   total 10944K, used 3924K [0x0c150000, 0x0cc00000, 0x16c00000)
   the space 10944K,  35% used [0x0c150000, 0x0c5250e0, 0x0c525200, 0x0cc00000)
 Metaspace       used 7252K, capacity 7433K, committed 7552K, reserved 7552K
Event: 0.462 GC heap after
Heap after GC invocations=3 (full 0):
 def new generation   total 4928K, used 24K [0x06c00000, 0x07150000, 0x0c150000)
  eden space 4416K,   0% used [0x06c00000, 0x06c00000, 0x07050000)
  from space 512K,   4% used [0x070d0000, 0x070d6198, 0x07150000)
  to   space 512K,   0% used [0x07050000, 0x07050000, 0x070d0000)
 tenured generation   total 10944K, used 6023K [0x0c150000, 0x0cc00000, 0x16c00000)
   the space 10944K,  55% used [0x0c150000, 0x0c731ec8, 0x0c732000, 0x0cc00000)
 Metaspace       used 7252K, capacity 7433K, committed 7552K, reserved 7552K
}
Event: 0.512 GC heap before
{Heap before GC invocations=3 (full 0):
 def new generation   total 4928K, used 4440K [0x06c00000, 0x07150000, 0x0c150000)
  eden space 4416K, 100% used [0x06c00000, 0x07050000, 0x07050000)
  from space 512K,   4% used [0x070d0000, 0x070d6198, 0x07150000)
  to   space 512K,   0% used [0x07050000, 0x07050000, 0x070d0000)
 tenured generation   total 10944K, used 6023K [0x0c150000, 0x0cc00000, 0x16c00000)
   the space 10944K,  55% used [0x0c150000, 0x0c731ec8, 0x0c732000, 0x0cc00000)
 Metaspace       used 7254K, capacity 7433K, committed 7552K, reserved 7552K
Event: 0.515 GC heap after
Heap after GC invocations=4 (full 0):
 def new generation   total 4928K, used 68K [0x06c00000, 0x07150000, 0x0c150000)
  eden space 4416K,   0% used [0x06c00000, 0x06c00000, 0x07050000)
  from space 512K,  13% used [0x07050000, 0x07061008, 0x070d0000)
  to   space 512K,   0% used [0x070d0000, 0x070d0000, 0x07150000)
 tenured generation   total 10944K, used 7888K [0x0c150000, 0x0cc00000, 0x16c00000)
   the space 10944K,  72% used [0x0c150000, 0x0c904018, 0x0c904200, 0x0cc00000)
 Metaspace       used 7254K, capacity 7433K, committed 7552K, reserved 7552K
}
Event: 0.593 GC heap before
{Heap before GC invocations=4 (full 0):
 def new generation   total 4928K, used 4484K [0x06c00000, 0x07150000, 0x0c150000)
  eden space 4416K, 100% used [0x06c00000, 0x07050000, 0x07050000)
  from space 512K,  13% used [0x07050000, 0x07061008, 0x070d0000)
  to   space 512K,   0% used [0x070d0000, 0x070d0000, 0x07150000)
 tenured generation   total 10944K, used 7888K [0x0c150000, 0x0cc00000, 0x16c00000)
   the space 10944K,  72% used [0x0c150000, 0x0c904018, 0x0c904200, 0x0cc00000)
 Metaspace       used 7254K, capacity 7433K, committed 7552K, reserved 7552K
Event: 0.596 GC heap after
Heap after GC invocations=5 (full 0):
 def new generation   total 4928K, used 89K [0x06c00000, 0x07150000, 0x0c150000)
  eden space 4416K,   0% used [0x06c00000, 0x06c00000, 0x07050000)
  from space 512K,  17% used [0x070d0000, 0x070e67e0, 0x07150000)
  to   space 512K,   0% used [0x07050000, 0x07050000, 0x070d0000)
 tenured generation   total 10944K, used 9752K [0x0c150000, 0x0cc00000, 0x16c00000)
   the space 10944K,  89% used [0x0c150000, 0x0cad6168, 0x0cad6200, 0x0cc00000)
 Metaspace       used 7254K, capacity 7433K, committed 7552K, reserved 7552K
}
Event: 0.651 GC heap before
{Heap before GC invocations=5 (full 0):
 def new generation   total 4928K, used 4505K [0x06c00000, 0x07150000, 0x0c150000)
  eden space 4416K, 100% used [0x06c00000, 0x07050000, 0x07050000)
  from space 512K,  17% used [0x070d0000, 0x070e67e0, 0x07150000)
  to   space 512K,   0% used [0x07050000, 0x07050000, 0x070d0000)
 tenured generation   total 10944K, used 9752K [0x0c150000, 0x0cc00000, 0x16c00000)
   the space 10944K,  89% used [0x0c150000, 0x0cad6168, 0x0cad6200, 0x0cc00000)
 Metaspace       used 7254K, capacity 7433K, committed 7552K, reserved 7552K
Event: 0.664 GC heap after
Heap after GC invocations=6 (full 1):
 def new generation   total 8832K, used 0K [0x06c00000, 0x07590000, 0x0c150000)
  eden space 7872K,   0% used [0x06c00000, 0x06c00000, 0x073b0000)
  from space 960K,   0% used [0x073b0000, 0x073b0000, 0x074a0000)
  to   space 960K,   0% used [0x074a0000, 0x074a0000, 0x07590000)
 tenured generation   total 19520K, used 11710K [0x0c150000, 0x0d460000, 0x16c00000)
   the space 19520K,  59% used [0x0c150000, 0x0ccbfa00, 0x0ccbfa00, 0x0d460000)
 Metaspace       used 7254K, capacity 7433K, committed 7552K, reserved 7552K
}

